Warning: Creating empty List.
Warning: Entered List::clear().
< 1 2 3 4 5 6 7 8 9 10 11 >
running removeNth with N=2 and blockSize=3:
< 1 2 3 7 8 9 >
length: 6
printing list backwards (lots of warnings may ensue):
Warning: Entered List::back().
Warning: Entered List::backwardOne().
Warning: Entered List::backwardOne().
Warning: Entered List::backwardOne().
Warning: Entered List::backwardOne().
Warning: Entered List::backwardOne().
< 9 8 7 3 2 1 >
Warning: Entered List::clear().
< 1 2 3 4 5 6 7 8 9 10 11 >
running removeNth with N=1 and blockSize=3:
< empty list >
length: 0
printing list backwards (lots of warnings may ensue):
< empty list >
Warning: Entered List::clear().
< 1 2 3 4 5 6 7 8 9 10 11 >
running removeNth with N=2 and blockSize=11:
< 1 2 3 4 5 6 7 8 9 10 11 >
length: 11
printing list backwards (lots of warnings may ensue):
Warning: Entered List::back().
Warning: Entered List::backwardOne().
Warning: Entered List::backwardOne().
Warning: Entered List::backwardOne().
Warning: Entered List::backwardOne().
Warning: Entered List::backwardOne().
Warning: Entered List::backwardOne().
Warning: Entered List::backwardOne().
Warning: Entered List::backwardOne().
Warning: Entered List::backwardOne().
Warning: Entered List::backwardOne().
< 11 10 9 8 7 6 5 4 3 2 1 >
Warning: Entered List::clear().
< 1 2 3 4 5 6 7 8 9 10 11 >
running removeNth with N=2 and blockSize=2:
< 1 2 5 6 9 10 >
length: 6
printing list backwards (lots of warnings may ensue):
Warning: Entered List::back().
Warning: Entered List::backwardOne().
Warning: Entered List::backwardOne().
Warning: Entered List::backwardOne().
Warning: Entered List::backwardOne().
Warning: Entered List::backwardOne().
< 10 9 6 5 2 1 >
Warning: Entered List::clear().
< empty list >
running removeNth with N=2 and blocksize=2:
< empty list >
length: 0
printing list backwards (lots of warnings may ensue):
< empty list >
Warning: Entered List::clear().
< 1 2 3 4 5 6 7 8 9 10 11 12 >
running removeNth with N=2 and blocksize=2
< 1 2 5 6 9 10 >
length: 6
printing list backwards (lots of warnings may ensue):
Warning: Entered List::back().
Warning: Entered List::backwardOne().
Warning: Entered List::backwardOne().
Warning: Entered List::backwardOne().
Warning: Entered List::backwardOne().
Warning: Entered List::backwardOne().
< 10 9 6 5 2 1 >
Warning: Entered List::clear().
< 1 2 3 4 5 6 7 8 9 10 11 12 >
running removeNth with N=4 and blocksize=2
< 1 2 3 4 5 6 9 10 11 12 >
length: 10
printing list backwards (lots of warnings may ensue):
Warning: Entered List::back().
Warning: Entered List::backwardOne().
Warning: Entered List::backwardOne().
Warning: Entered List::backwardOne().
Warning: Entered List::backwardOne().
Warning: Entered List::backwardOne().
Warning: Entered List::backwardOne().
Warning: Entered List::backwardOne().
Warning: Entered List::backwardOne().
Warning: Entered List::backwardOne().
< 12 11 10 9 6 5 4 3 2 1 >
Warning: Entered List::clear().
< 1 2 3 4 5 6 7 8 9 10 11 >
running tripleRotate with blockSize=2
< 3 4 5 6 1 2 7 8 9 10 11 >
length: 11
printing list backwards (lots of warnings may ensue):
Warning: Entered List::back().
Warning: Entered List::backwardOne().
Warning: Entered List::backwardOne().
Warning: Entered List::backwardOne().
Warning: Entered List::backwardOne().
Warning: Entered List::backwardOne().
Warning: Entered List::backwardOne().
Warning: Entered List::backwardOne().
Warning: Entered List::backwardOne().
Warning: Entered List::backwardOne().
Warning: Entered List::backwardOne().
< 11 10 9 8 7 2 1 6 5 4 3 >
Warning: Entered List::clear().
< 1 2 3 4 5 6 7 8 9 10 11 12 >
running tripleRotate with blockSize=2
< 3 4 5 6 1 2 9 10 11 12 7 8 >
length: 12
printing list backwards (lots of warnings may ensue):
Warning: Entered List::back().
Warning: Entered List::backwardOne().
Warning: Entered List::backwardOne().
Warning: Entered List::backwardOne().
Warning: Entered List::backwardOne().
Warning: Entered List::backwardOne().
Warning: Entered List::backwardOne().
Warning: Entered List::backwardOne().
Warning: Entered List::backwardOne().
Warning: Entered List::backwardOne().
Warning: Entered List::backwardOne().
Warning: Entered List::backwardOne().
< 8 7 12 11 10 9 2 1 6 5 4 3 >
Warning: Entered List::clear().
< 1 2 3 4 5 6 7 8 9 10 11 >
running tripleRotate with blockSize=12
< 1 2 3 4 5 6 7 8 9 10 11 >
length: 11
printing list backwards (lots of warnings may ensue):
Warning: Entered List::back().
Warning: Entered List::backwardOne().
Warning: Entered List::backwardOne().
Warning: Entered List::backwardOne().
Warning: Entered List::backwardOne().
Warning: Entered List::backwardOne().
Warning: Entered List::backwardOne().
Warning: Entered List::backwardOne().
Warning: Entered List::backwardOne().
Warning: Entered List::backwardOne().
Warning: Entered List::backwardOne().
< 11 10 9 8 7 6 5 4 3 2 1 >
Warning: Entered List::clear().
< 1 2 3 4 5 6 7 8 9 10 11 12 >
running tripleRotate with blockSize=3
< 4 5 6 7 8 9 1 2 3 10 11 12 >
length: 12
printing list backwards (lots of warnings may ensue):
Warning: Entered List::back().
Warning: Entered List::backwardOne().
Warning: Entered List::backwardOne().
Warning: Entered List::backwardOne().
Warning: Entered List::backwardOne().
Warning: Entered List::backwardOne().
Warning: Entered List::backwardOne().
Warning: Entered List::backwardOne().
Warning: Entered List::backwardOne().
Warning: Entered List::backwardOne().
Warning: Entered List::backwardOne().
Warning: Entered List::backwardOne().
< 12 11 10 3 2 1 9 8 7 6 5 4 >
Warning: Entered List::clear().
< empty list >
running tripleRotate with blockSize=1
< empty list >
length: 0
printing list backwards (lots of warnings may ensue):
< empty list >
Warning: Entered List::clear().
< 1 2 3 4 5 6 7 8 9 10 11 >
running tripleRotate with blockSize=1
< 2 3 1 5 6 4 8 9 7 10 11 >
length: 11
printing list backwards (lots of warnings may ensue):
Warning: Entered List::back().
Warning: Entered List::backwardOne().
Warning: Entered List::backwardOne().
Warning: Entered List::backwardOne().
Warning: Entered List::backwardOne().
Warning: Entered List::backwardOne().
Warning: Entered List::backwardOne().
Warning: Entered List::backwardOne().
Warning: Entered List::backwardOne().
Warning: Entered List::backwardOne().
Warning: Entered List::backwardOne().
< 11 10 7 9 8 4 6 5 1 3 2 >
Warning: Entered List::clear().
